2014-03-08 10:22:41,827 -0    [main] INFO  org.tinygroup.fileresolver.impl.FileResolverImpl  - 正在进行全路径扫描....
2014-03-08 10:22:41,846 -19   [main] INFO  org.tinygroup.fileresolver.impl.FileResolverImpl  - 文件<D:\git\tiny\db\org.tinygroup.tinydb\target\test-classes>由于匹配了包含正则表达式<[\/]test-classes\b>而被扫描。
2014-03-08 10:22:41,847 -20   [main] INFO  org.tinygroup.fileresolver.impl.FileResolverImpl  - 文件<D:\git\tiny\db\org.tinygroup.tinydb\target\classes>由于匹配了包含正则表达式<[\/]classes\b>而被扫描。
2014-03-08 10:22:41,853 -26   [main] INFO  org.tinygroup.fileresolver.impl.FileResolverImpl  - 文件<D:\git\tiny\framework\org.tinygroup.springutil\target\classes>由于匹配了包含正则表达式<[\/]classes\b>而被扫描。
2014-03-08 10:22:41,854 -27   [main] INFO  org.tinygroup.fileresolver.impl.FileResolverImpl  - 文件<D:\git\tiny\framework\org.tinygroup.logger\target\classes>由于匹配了包含正则表达式<[\/]classes\b>而被扫描。
2014-03-08 10:22:41,859 -32   [main] INFO  org.tinygroup.fileresolver.impl.FileResolverImpl  - 文件<D:\git\tiny\framework\org.tinygroup.vfs\target\classes>由于匹配了包含正则表达式<[\/]classes\b>而被扫描。
2014-03-08 10:22:41,867 -40   [main] INFO  org.tinygroup.fileresolver.impl.FileResolverImpl  - 文件<D:\git\tiny\framework\org.tinygroup.exception\target\classes>由于匹配了包含正则表达式<[\/]classes\b>而被扫描。
2014-03-08 10:22:41,870 -43   [main] INFO  org.tinygroup.fileresolver.impl.FileResolverImpl  - 文件<D:\git\tiny\framework\org.tinygroup.testutil\target\classes>由于匹配了包含正则表达式<[\/]classes\b>而被扫描。
2014-03-08 10:22:41,875 -48   [main] INFO  org.tinygroup.fileresolver.impl.FileResolverImpl  - 文件<D:\git\tiny\framework\org.tinygroup.application\target\classes>由于匹配了包含正则表达式<[\/]classes\b>而被扫描。
2014-03-08 10:22:41,876 -49   [main] INFO  org.tinygroup.fileresolver.impl.FileResolverImpl  - 文件<D:\git\tiny\framework\org.tinygroup.commons\target\classes>由于匹配了包含正则表达式<[\/]classes\b>而被扫描。
2014-03-08 10:22:41,878 -51   [main] INFO  org.tinygroup.fileresolver.impl.FileResolverImpl  - 文件<D:\git\tiny\framework\org.tinygroup.xstream\target\classes>由于匹配了包含正则表达式<[\/]classes\b>而被扫描。
2014-03-08 10:22:41,881 -54   [main] INFO  org.tinygroup.fileresolver.impl.FileResolverImpl  - 文件<D:\git\tiny\framework\org.tinygroup.fileresolver\target\classes>由于匹配了包含正则表达式<[\/]classes\b>而被扫描。
2014-03-08 10:22:41,882 -55   [main] INFO  org.tinygroup.fileresolver.impl.FileResolverImpl  - 文件<D:\git\tiny\framework\org.tinygroup.config\target\classes>由于匹配了包含正则表达式<[\/]classes\b>而被扫描。
2014-03-08 10:22:41,883 -56   [main] INFO  org.tinygroup.fileresolver.impl.FileResolverImpl  - 文件<D:\git\tiny\framework\org.tinygroup.xmlparser\target\classes>由于匹配了包含正则表达式<[\/]classes\b>而被扫描。
2014-03-08 10:22:41,887 -60   [main] INFO  org.tinygroup.fileresolver.impl.FileResolverImpl  - 文件<D:\git\tiny\framework\org.tinygroup.parser\target\classes>由于匹配了包含正则表达式<[\/]classes\b>而被扫描。
2014-03-08 10:22:41,888 -61   [main] INFO  org.tinygroup.fileresolver.impl.FileResolverImpl  - 文件<D:\git\tiny\framework\org.tinygroup.binarytree\target\classes>由于匹配了包含正则表达式<[\/]classes\b>而被扫描。
2014-03-08 10:22:41,889 -62   [main] INFO  org.tinygroup.fileresolver.impl.FileResolverImpl  - 文件<D:\git\tiny\framework\org.tinygroup.i18n\target\classes>由于匹配了包含正则表达式<[\/]classes\b>而被扫描。
2014-03-08 10:22:41,891 -64   [main] INFO  org.tinygroup.fileresolver.impl.FileResolverImpl  - 文件<D:\git\tiny\framework\org.tinygroup.formater\target\classes>由于匹配了包含正则表达式<[\/]classes\b>而被扫描。
2014-03-08 10:22:41,892 -65   [main] INFO  org.tinygroup.fileresolver.impl.FileResolverImpl  - 文件<D:\git\tiny\framework\org.tinygroup.order\target\classes>由于匹配了包含正则表达式<[\/]classes\b>而被扫描。
2014-03-08 10:22:41,893 -66   [main] INFO  org.tinygroup.fileresolver.impl.FileResolverImpl  - 文件<D:\git\tiny\framework\org.tinygroup.threadgroup\target\classes>由于匹配了包含正则表达式<[\/]classes\b>而被扫描。
2014-03-08 10:22:41,895 -68   [main] INFO  org.tinygroup.fileresolver.impl.FileResolverImpl  - 文件<D:\git\tiny\framework\org.tinygroup.context\target\classes>由于匹配了包含正则表达式<[\/]classes\b>而被扫描。
2014-03-08 10:22:41,896 -69   [main] INFO  org.tinygroup.fileresolver.impl.FileResolverImpl  - 文件<D:\git\tiny\db\org.tinygroup.database\target\classes>由于匹配了包含正则表达式<[\/]classes\b>而被扫描。
2014-03-08 10:22:41,897 -70   [main] INFO  org.tinygroup.fileresolver.impl.FileResolverImpl  - 文件<D:\git\tiny\db\org.tinygroup.metadata\target\classes>由于匹配了包含正则表达式<[\/]classes\b>而被扫描。
2014-03-08 10:22:41,898 -71   [main] INFO  org.tinygroup.fileresolver.impl.FileResolverImpl  - 文件<D:\git\tiny\framework\org.tinygroup.cache\target\classes>由于匹配了包含正则表达式<[\/]classes\b>而被扫描。
2014-03-08 10:22:41,906 -79   [main] INFO  org.tinygroup.fileresolver.impl.FileResolverImpl  - 查找WEB-INF/classes路径开始...
2014-03-08 10:22:41,906 -79   [main] INFO  org.tinygroup.fileresolver.impl.FileResolverImpl  - WEB-INF/classes路径是:file:/D:/git/tiny/db/org.tinygroup.tinydb/target/test-classes/
2014-03-08 10:22:41,907 -80   [main] INFO  org.tinygroup.fileresolver.impl.FileResolverImpl  - WEB-INF/lib路径是:file:/D:/git/tiny/db/org.tinygroup.tinydb/target/test-classes/
2014-03-08 10:22:41,907 -80   [main] INFO  org.tinygroup.fileresolver.impl.FileResolverImpl  - 查找WEB-INF/classes路径完成。
2014-03-08 10:22:41,907 -80   [main] WARN  org.tinygroup.fileresolver.impl.FileResolverImpl  - WEBROOT变量找不到
2014-03-08 10:22:41,908 -81   [main] INFO  org.tinygroup.fileresolver.impl.FileResolverImpl  - 查找Web工程中的jar文件列表开始...
2014-03-08 10:22:41,909 -82   [main] INFO  org.tinygroup.fileresolver.impl.FileResolverImpl  - 文件<file:D:/git/tiny/db/org.tinygroup.tinydb/target/surefire/surefirebooter3496058125868368825.jar>由于匹配了包含正则表达式<org\.tinygroup\.(.)*\.jar>而被扫描。
2014-03-08 10:22:41,910 -83   [main] INFO  org.tinygroup.fileresolver.impl.FileResolverImpl  - 扫描到jar文件<jar:file:/D:/git/tiny/db/org.tinygroup.tinydb/target/surefire/surefirebooter3496058125868368825.jar>。
2014-03-08 10:22:41,929 -102  [main] INFO  org.tinygroup.fileresolver.impl.FileResolverImpl  - 查找Web工程中的jar文件列表完成。
2014-03-08 10:22:41,941 -114  [main] INFO  org.tinygroup.threadgroup.MultiThreadProcessor  - 线程组<file-resolver-threads>运行开始,线程数1...
2014-03-08 10:22:41,943 -116  [file-resolver-threads-file-processor-thread-0] INFO  org.tinygroup.threadgroup.AbstractProcessor  - 线程<file-resolver-threads-file-processor-thread-0>运行开始...
2014-03-08 10:22:41,943 -116  [file-resolver-threads-file-processor-thread-0] INFO  org.tinygroup.fileresolver.impl.FileResolverImpl  - 正在扫描路径[D:\git\tiny\framework\org.tinygroup.order\target\classes]...
2014-03-08 10:22:41,946 -119  [file-resolver-threads-file-processor-thread-0] INFO  org.tinygroup.fileresolver.impl.FileResolverImpl  - 路径[D:\git\tiny\framework\org.tinygroup.order\target\classes]扫描完成。
2014-03-08 10:22:41,946 -119  [file-resolver-threads-file-processor-thread-0] INFO  org.tinygroup.fileresolver.impl.FileResolverImpl  - 正在扫描路径[D:\git\tiny\framework\org.tinygroup.parser\target\classes]...
2014-03-08 10:22:41,949 -122  [file-resolver-threads-file-processor-thread-0] INFO  org.tinygroup.fileresolver.impl.FileResolverImpl  - 路径[D:\git\tiny\framework\org.tinygroup.parser\target\classes]扫描完成。
2014-03-08 10:22:41,949 -122  [file-resolver-threads-file-processor-thread-0] INFO  org.tinygroup.fileresolver.impl.FileResolverImpl  - 正在扫描路径[D:\git\tiny\framework\org.tinygroup.springutil\target\classes]...
2014-03-08 10:22:41,952 -125  [file-resolver-threads-file-processor-thread-0] INFO  org.tinygroup.fileresolver.impl.FileResolverImpl  - 路径[D:\git\tiny\framework\org.tinygroup.springutil\target\classes]扫描完成。
2014-03-08 10:22:41,952 -125  [file-resolver-threads-file-processor-thread-0] INFO  org.tinygroup.fileresolver.impl.FileResolverImpl  - 正在扫描路径[D:\git\tiny\framework\org.tinygroup.binarytree\target\classes]...
2014-03-08 10:22:41,954 -127  [file-resolver-threads-file-processor-thread-0] INFO  org.tinygroup.fileresolver.impl.FileResolverImpl  - 路径[D:\git\tiny\framework\org.tinygroup.binarytree\target\classes]扫描完成。
2014-03-08 10:22:41,955 -128  [file-resolver-threads-file-processor-thread-0] INFO  org.tinygroup.fileresolver.impl.FileResolverImpl  - 正在扫描路径[D:\git\tiny\framework\org.tinygroup.logger\target\classes]...
2014-03-08 10:22:41,956 -129  [file-resolver-threads-file-processor-thread-0] INFO  org.tinygroup.fileresolver.impl.FileResolverImpl  - 路径[D:\git\tiny\framework\org.tinygroup.logger\target\classes]扫描完成。
2014-03-08 10:22:41,957 -130  [file-resolver-threads-file-processor-thread-0] INFO  org.tinygroup.fileresolver.impl.FileResolverImpl  - 正在扫描路径[D:\git\tiny\framework\org.tinygroup.commons\target\classes]...
2014-03-08 10:22:41,969 -142  [file-resolver-threads-file-processor-thread-0] INFO  org.tinygroup.fileresolver.impl.FileResolverImpl  - 路径[D:\git\tiny\framework\org.tinygroup.commons\target\classes]扫描完成。
2014-03-08 10:22:41,970 -143  [file-resolver-threads-file-processor-thread-0] INFO  org.tinygroup.fileresolver.impl.FileResolverImpl  - 正在扫描路径[D:\git\tiny\framework\org.tinygroup.threadgroup\target\classes]...
2014-03-08 10:22:41,971 -144  [file-resolver-threads-file-processor-thread-0] INFO  org.tinygroup.fileresolver.impl.FileResolverImpl  - 路径[D:\git\tiny\framework\org.tinygroup.threadgroup\target\classes]扫描完成。
2014-03-08 10:22:41,972 -145  [file-resolver-threads-file-processor-thread-0] INFO  org.tinygroup.fileresolver.impl.FileResolverImpl  - 正在扫描路径[D:\git\tiny\framework\org.tinygroup.xmlparser\target\classes]...
2014-03-08 10:22:41,974 -147  [file-resolver-threads-file-processor-thread-0] INFO  org.tinygroup.fileresolver.impl.FileResolverImpl  - 路径[D:\git\tiny\framework\org.tinygroup.xmlparser\target\classes]扫描完成。
2014-03-08 10:22:41,975 -148  [file-resolver-threads-file-processor-thread-0] INFO  org.tinygroup.fileresolver.impl.FileResolverImpl  - 正在扫描路径[D:\git\tiny\framework\org.tinygroup.xstream\target\classes]...
2014-03-08 10:22:41,980 -153  [file-resolver-threads-file-processor-thread-0] INFO  org.tinygroup.fileresolver.impl.FileResolverImpl  - 路径[D:\git\tiny\framework\org.tinygroup.xstream\target\classes]扫描完成。
2014-03-08 10:22:41,980 -153  [file-resolver-threads-file-processor-thread-0] INFO  org.tinygroup.fileresolver.impl.FileResolverImpl  - 正在扫描路径[D:\git\tiny\db\org.tinygroup.tinydb\target\test-classes]...
2014-03-08 10:22:41,986 -159  [file-resolver-threads-file-processor-thread-0] INFO  org.tinygroup.fileresolver.impl.FileResolverImpl  - 路径[D:\git\tiny\db\org.tinygroup.tinydb\target\test-classes]扫描完成。
2014-03-08 10:22:42,000 -173  [file-resolver-threads-file-processor-thread-0] INFO  org.tinygroup.fileresolver.impl.FileResolverImpl  - 正在扫描路径[D:\git\tiny\framework\org.tinygroup.formater\target\classes]...
2014-03-08 10:22:42,004 -177  [file-resolver-threads-file-processor-thread-0] INFO  org.tinygroup.fileresolver.impl.FileResolverImpl  - 路径[D:\git\tiny\framework\org.tinygroup.formater\target\classes]扫描完成。
2014-03-08 10:22:42,004 -177  [file-resolver-threads-file-processor-thread-0] INFO  org.tinygroup.fileresolver.impl.FileResolverImpl  - 正在扫描路径[D:\git\tiny\framework\org.tinygroup.fileresolver\target\classes]...
2014-03-08 10:22:42,008 -181  [file-resolver-threads-file-processor-thread-0] INFO  org.tinygroup.fileresolver.impl.FileResolverImpl  - 路径[D:\git\tiny\framework\org.tinygroup.fileresolver\target\classes]扫描完成。
2014-03-08 10:22:42,008 -181  [file-resolver-threads-file-processor-thread-0] INFO  org.tinygroup.fileresolver.impl.FileResolverImpl  - 正在扫描路径[D:\git\tiny\framework\org.tinygroup.application\target\classes]...
2014-03-08 10:22:42,010 -183  [file-resolver-threads-file-processor-thread-0] INFO  org.tinygroup.fileresolver.impl.FileResolverImpl  - 路径[D:\git\tiny\framework\org.tinygroup.application\target\classes]扫描完成。
2014-03-08 10:22:42,010 -183  [file-resolver-threads-file-processor-thread-0] INFO  org.tinygroup.fileresolver.impl.FileResolverImpl  - 正在扫描路径[D:\git\tiny\framework\org.tinygroup.config\target\classes]...
2014-03-08 10:22:42,015 -188  [file-resolver-threads-file-processor-thread-0] INFO  org.tinygroup.fileresolver.impl.FileResolverImpl  - 路径[D:\git\tiny\framework\org.tinygroup.config\target\classes]扫描完成。
2014-03-08 10:22:42,015 -188  [file-resolver-threads-file-processor-thread-0] INFO  org.tinygroup.fileresolver.impl.FileResolverImpl  - 正在扫描路径[D:\git\tiny\framework\org.tinygroup.cache\target\classes]...
2014-03-08 10:22:42,017 -190  [file-resolver-threads-file-processor-thread-0] INFO  org.tinygroup.fileresolver.impl.FileResolverImpl  - 路径[D:\git\tiny\framework\org.tinygroup.cache\target\classes]扫描完成。
2014-03-08 10:22:42,018 -191  [file-resolver-threads-file-processor-thread-0] INFO  org.tinygroup.fileresolver.impl.FileResolverImpl  - 正在扫描路径[D:\git\tiny\framework\org.tinygroup.i18n\target\classes]...
2014-03-08 10:22:42,020 -193  [file-resolver-threads-file-processor-thread-0] INFO  org.tinygroup.fileresolver.impl.FileResolverImpl  - 路径[D:\git\tiny\framework\org.tinygroup.i18n\target\classes]扫描完成。
2014-03-08 10:22:42,024 -197  [file-resolver-threads-file-processor-thread-0] INFO  org.tinygroup.fileresolver.impl.FileResolverImpl  - 正在扫描路径[D:\git\tiny\framework\org.tinygroup.exception\target\classes]...
2014-03-08 10:22:42,026 -199  [file-resolver-threads-file-processor-thread-0] INFO  org.tinygroup.fileresolver.impl.FileResolverImpl  - 路径[D:\git\tiny\framework\org.tinygroup.exception\target\classes]扫描完成。
2014-03-08 10:22:42,026 -199  [file-resolver-threads-file-processor-thread-0] INFO  org.tinygroup.fileresolver.impl.FileResolverImpl  - 正在扫描路径[D:\git\tiny\framework\org.tinygroup.vfs\target\classes]...
2014-03-08 10:22:42,030 -203  [file-resolver-threads-file-processor-thread-0] INFO  org.tinygroup.fileresolver.impl.FileResolverImpl  - 路径[D:\git\tiny\framework\org.tinygroup.vfs\target\classes]扫描完成。
2014-03-08 10:22:42,031 -204  [file-resolver-threads-file-processor-thread-0] INFO  org.tinygroup.fileresolver.impl.FileResolverImpl  - 正在扫描路径[D:\git\tiny\db\org.tinygroup.database\target\classes]...
2014-03-08 10:22:42,043 -216  [file-resolver-threads-file-processor-thread-0] INFO  org.tinygroup.fileresolver.impl.FileResolverImpl  - 路径[D:\git\tiny\db\org.tinygroup.database\target\classes]扫描完成。
2014-03-08 10:22:42,043 -216  [file-resolver-threads-file-processor-thread-0] INFO  org.tinygroup.fileresolver.impl.FileResolverImpl  - 正在扫描路径[D:\git\tiny\db\org.tinygroup.metadata\target\classes]...
2014-03-08 10:22:42,049 -222  [file-resolver-threads-file-processor-thread-0] INFO  org.tinygroup.fileresolver.impl.FileResolverImpl  - 路径[D:\git\tiny\db\org.tinygroup.metadata\target\classes]扫描完成。
2014-03-08 10:22:42,050 -223  [file-resolver-threads-file-processor-thread-0] INFO  org.tinygroup.fileresolver.impl.FileResolverImpl  - 正在扫描路径[D:\git\tiny\framework\org.tinygroup.context\target\classes]...
2014-03-08 10:22:42,052 -225  [file-resolver-threads-file-processor-thread-0] INFO  org.tinygroup.fileresolver.impl.FileResolverImpl  - 路径[D:\git\tiny\framework\org.tinygroup.context\target\classes]扫描完成。
2014-03-08 10:22:42,053 -226  [file-resolver-threads-file-processor-thread-0] INFO  org.tinygroup.fileresolver.impl.FileResolverImpl  - 正在扫描路径[D:\git\tiny\db\org.tinygroup.tinydb\target\classes]...
2014-03-08 10:22:42,066 -239  [file-resolver-threads-file-processor-thread-0] INFO  org.tinygroup.fileresolver.impl.FileResolverImpl  - 路径[D:\git\tiny\db\org.tinygroup.tinydb\target\classes]扫描完成。
2014-03-08 10:22:42,067 -240  [file-resolver-threads-file-processor-thread-0] INFO  org.tinygroup.fileresolver.impl.FileResolverImpl  - 正在扫描路径[D:/git/tiny/db/org.tinygroup.tinydb/target/surefire/surefirebooter3496058125868368825.jar]...
2014-03-08 10:22:42,068 -241  [file-resolver-threads-file-processor-thread-0] INFO  org.tinygroup.fileresolver.impl.FileResolverImpl  - 文件<file:D:/git/tiny/db/org.tinygroup.tinydb/target/surefire/surefirebooter3496058125868368825.jar>由于匹配了包含正则表达式<org\.tinygroup\.(.)*\.jar>而被扫描。
2014-03-08 10:22:42,069 -242  [file-resolver-threads-file-processor-thread-0] INFO  org.tinygroup.fileresolver.impl.FileResolverImpl  - 路径[D:/git/tiny/db/org.tinygroup.tinydb/target/surefire/surefirebooter3496058125868368825.jar]扫描完成。
2014-03-08 10:22:42,070 -243  [file-resolver-threads-file-processor-thread-0] INFO  org.tinygroup.fileresolver.impl.FileResolverImpl  - 正在扫描路径[D:\git\tiny\framework\org.tinygroup.testutil\target\classes]...
2014-03-08 10:22:42,071 -244  [file-resolver-threads-file-processor-thread-0] INFO  org.tinygroup.fileresolver.impl.FileResolverImpl  - 路径[D:\git\tiny\framework\org.tinygroup.testutil\target\classes]扫描完成。
2014-03-08 10:22:42,072 -245  [file-resolver-threads-file-processor-thread-0] INFO  org.tinygroup.threadgroup.AbstractProcessor  - 线程<file-resolver-threads-file-processor-thread-0>运行结束
2014-03-08 10:22:42,073 -246  [main] INFO  org.tinygroup.threadgroup.MultiThreadProcessor  - 线程组<file-resolver-threads>运行结束, 用时:131ms
2014-03-08 10:22:42,073 -246  [main] INFO  org.tinygroup.fileresolver.impl.MultiThreadFileProcessor  - 线程组:<file-resolver-threads>执行时间：132
2014-03-08 10:22:42,180 -353  [main] INFO  org.tinygroup.springutil.SpringUtil  - 添加Spring配置文件:file:D:/git/tiny/framework/org.tinygroup.order/target/classes/order.beans.xml
2014-03-08 10:22:42,180 -353  [main] INFO  org.tinygroup.springutil.SpringUtil  - 添加Spring配置文件:file:D:/git/tiny/framework/org.tinygroup.binarytree/target/classes/binarytree.beans.xml
2014-03-08 10:22:42,181 -354  [main] INFO  org.tinygroup.springutil.SpringUtil  - 添加Spring配置文件:file:D:/git/tiny/framework/org.tinygroup.xstream/target/classes/xstream.beans.xml
2014-03-08 10:22:42,184 -357  [main] INFO  org.tinygroup.springutil.SpringUtil  - 添加Spring配置文件:file:D:/git/tiny/db/org.tinygroup.tinydb/target/test-classes/Application.springbeans.xml
2014-03-08 10:22:42,184 -357  [main] INFO  org.tinygroup.springutil.SpringUtil  - 添加Spring配置文件:file:D:/git/tiny/db/org.tinygroup.tinydb/target/test-classes/spring-context2.springbeans.xml
2014-03-08 10:22:42,184 -357  [main] INFO  org.tinygroup.springutil.SpringUtil  - 添加Spring配置文件:file:D:/git/tiny/db/org.tinygroup.tinydb/target/test-classes/test.beans.xml
2014-03-08 10:22:42,185 -358  [main] INFO  org.tinygroup.springutil.SpringUtil  - 添加Spring配置文件:file:D:/git/tiny/framework/org.tinygroup.fileresolver/target/classes/fileresolver.beans.xml
2014-03-08 10:22:42,185 -358  [main] INFO  org.tinygroup.springutil.SpringUtil  - 添加Spring配置文件:file:D:/git/tiny/framework/org.tinygroup.cache/target/classes/Cache.beans.xml
2014-03-08 10:22:42,186 -359  [main] INFO  org.tinygroup.springutil.SpringUtil  - 添加Spring配置文件:file:D:/git/tiny/framework/org.tinygroup.exception/target/classes/exception.beans.xml
2014-03-08 10:22:42,186 -359  [main] INFO  org.tinygroup.springutil.SpringUtil  - 添加Spring配置文件:file:D:/git/tiny/db/org.tinygroup.database/target/classes/Database.beans.xml
2014-03-08 10:22:42,186 -359  [main] INFO  org.tinygroup.springutil.SpringUtil  - 添加Spring配置文件:file:D:/git/tiny/db/org.tinygroup.metadata/target/classes/Metadata.beans.xml
2014-03-08 10:22:42,187 -360  [main] INFO  org.tinygroup.springutil.SpringUtil  - 添加Spring配置文件:file:D:/git/tiny/db/org.tinygroup.tinydb/target/classes/tinydb.beans.xml
2014-03-08 10:22:42,189 -362  [main] INFO  org.springframework.context.support.FileSystemXmlApplicationContext  - Refreshing org.springframework.context.support.FileSystemXmlApplicationContext@789934d4: display name [org.springframework.context.support.FileSystemXmlApplicationContext@789934d4]; startup date [Sat Mar 08 10:22:42 CST 2014]; root of context hierarchy
2014-03-08 10:22:42,280 -453  [main] INFO  org.springframework.beans.factory.xml.XmlBeanDefinitionReader  - Loading XML bean definitions from URL [file:D:/git/tiny/framework/org.tinygroup.order/target/classes/order.beans.xml]
2014-03-08 10:22:42,445 -618  [main] INFO  org.springframework.beans.factory.xml.XmlBeanDefinitionReader  - Loading XML bean definitions from URL [file:D:/git/tiny/framework/org.tinygroup.binarytree/target/classes/binarytree.beans.xml]
2014-03-08 10:22:42,480 -653  [main] INFO  org.springframework.beans.factory.xml.XmlBeanDefinitionReader  - Loading XML bean definitions from URL [file:D:/git/tiny/framework/org.tinygroup.xstream/target/classes/xstream.beans.xml]
2014-03-08 10:22:42,517 -690  [main] INFO  org.springframework.beans.factory.xml.XmlBeanDefinitionReader  - Loading XML bean definitions from URL [file:D:/git/tiny/db/org.tinygroup.tinydb/target/test-classes/Application.springbeans.xml]
2014-03-08 10:22:42,562 -735  [main] INFO  org.springframework.beans.factory.xml.XmlBeanDefinitionReader  - Loading XML bean definitions from URL [file:D:/git/tiny/db/org.tinygroup.tinydb/target/test-classes/spring-context2.springbeans.xml]
2014-03-08 10:22:43,284 -1457 [main] INFO  org.springframework.beans.factory.xml.XmlBeanDefinitionReader  - Loading XML bean definitions from URL [file:D:/git/tiny/db/org.tinygroup.tinydb/target/test-classes/test.beans.xml]
2014-03-08 10:22:43,327 -1500 [main] INFO  org.springframework.beans.factory.xml.XmlBeanDefinitionReader  - Loading XML bean definitions from URL [file:D:/git/tiny/framework/org.tinygroup.fileresolver/target/classes/fileresolver.beans.xml]
2014-03-08 10:22:43,355 -1528 [main] INFO  org.springframework.beans.factory.xml.XmlBeanDefinitionReader  - Loading XML bean definitions from URL [file:D:/git/tiny/framework/org.tinygroup.cache/target/classes/Cache.beans.xml]
2014-03-08 10:22:43,380 -1553 [main] INFO  org.springframework.beans.factory.xml.XmlBeanDefinitionReader  - Loading XML bean definitions from URL [file:D:/git/tiny/framework/org.tinygroup.exception/target/classes/exception.beans.xml]
2014-03-08 10:22:43,398 -1571 [main] INFO  org.springframework.beans.factory.xml.XmlBeanDefinitionReader  - Loading XML bean definitions from URL [file:D:/git/tiny/db/org.tinygroup.database/target/classes/Database.beans.xml]
2014-03-08 10:22:43,449 -1622 [main] INFO  org.springframework.beans.factory.xml.XmlBeanDefinitionReader  - Loading XML bean definitions from URL [file:D:/git/tiny/db/org.tinygroup.metadata/target/classes/Metadata.beans.xml]
2014-03-08 10:22:43,472 -1645 [main] INFO  org.springframework.beans.factory.xml.XmlBeanDefinitionReader  - Loading XML bean definitions from URL [file:D:/git/tiny/db/org.tinygroup.tinydb/target/classes/tinydb.beans.xml]
2014-03-08 10:22:43,510 -1683 [main] INFO  org.springframework.context.support.FileSystemXmlApplicationContext  - Bean factory for application context [org.springframework.context.support.FileSystemXmlApplicationContext@789934d4]: org.springframework.beans.factory.support.DefaultListableBeanFactory@281ec58a
2014-03-08 10:22:43,719 -1892 [main] INFO  org.springframework.beans.factory.support.DefaultListableBeanFactory  - Pre-instantiating singletons in org.springframework.beans.factory.support.DefaultListableBeanFactory@281ec58a: defining beans [orderProcessor,avlTreeImpl,fileResolver,fileResolverProcessor,org.springframework.context.annotation.internalCommonAnnotationProcessor,org.springframework.context.annotation.internalAutowiredAnnotationProcessor,org.springframework.context.annotation.internalRequiredAnnotationProcessor,org.springframework.aop.config.internalAutoProxyCreator,org.springframework.transaction.annotation.AnnotationTransactionAttributeSource#0,org.springframework.transaction.interceptor.TransactionInterceptor#0,org.springframework.transaction.config.internalTransactionAdvisor,lobHandler,defaultDataSource,dataSource1,dataSource2,dynamicDataSource,transactionManager,transactionTemplate,beanNameAutoProxyCreator,jdbcTemplate,txAdvice,allManagerMethod,org.springframework.aop.support.DefaultBeanFactoryPointcutAdvisor#0,derbyDialect,oracleDialect,derbyIncrementer,oracleIncrementer,beanStringOperator,animalOperator,animalLogic,branchOperator,branchLogic,transactionService,fullContextFileRepository,fullContextFileFinder,i18nFileProcessor,xStreamFileProcessor,orderFileProcessor,springBeansFileProcessor,configurationFileProcessor,fileMonitorProcessor,cacheInitConfig,tableProcessor,initDataProcessor,processorManager,customeSqlProcessor,viewProcessor,dialectFunctionProcessor,procedureProcessor,oracleSqlProcessor,mysqlSqlProcessor,derbySqlProcessor,h2SqlProcessor,sqlserverSqlProcessor,db2SqlProcessor,initDataSqlProcessor,viewSqlProcessor,oracleProcedureSqlProcessor,tableFileResolver,customSqlFileResolver,dialectFunctionlFileResolver,initDataFileResolver,procedureFileResolver,processorFileResolver,viewFileResolver,constantProcessor,errorMessageProcessor,standardTypeProcessor,businessTypeProcessor,standardFieldProcessor,constantFileResolver,businessTypeFileResolver,standardFieldFileResolver,errorMessageFileResolver,standardTypeFileResolver,tinyDBService,dataSourceProxy,beanOperatorManager,relationFileProcessor,beanManagerProcessor]; root of factory hierarchy
2014-03-08 10:22:44,094 -2267 [main] INFO  org.tinygroup.fileresolver.impl.AbstractFileProcessor  - 开始读取组件配置文件:filefind.config.xml
2014-03-08 10:22:44,096 -2269 [main] INFO  org.tinygroup.fileresolver.impl.AbstractFileProcessor  - 读取组件配置文件:filefind.config.xml完成
2014-03-08 10:22:44,096 -2269 [main] INFO  org.tinygroup.fileresolver.impl.AbstractFileProcessor  - 开始读取组件配置文件:filemonitor.config.xml
2014-03-08 10:22:44,098 -2271 [main] INFO  org.tinygroup.fileresolver.impl.AbstractFileProcessor  - 读取组件配置文件:filemonitor.config.xml完成
2014-03-08 10:22:44,098 -2271 [main] INFO  org.tinygroup.fileresolver.impl.AbstractFileProcessor  - 开始读取组件配置文件:fileresolver.config.xml
2014-03-08 10:22:44,099 -2272 [main] INFO  org.tinygroup.fileresolver.impl.AbstractFileProcessor  - 读取组件配置文件:fileresolver.config.xml完成
2014-03-08 10:22:44,099 -2272 [main] INFO  org.tinygroup.fileresolver.impl.AbstractFileProcessor  - 开始读取组件配置文件:cacheinit.config.xml
2014-03-08 10:22:44,100 -2273 [main] INFO  org.tinygroup.fileresolver.impl.AbstractFileProcessor  - 读取组件配置文件:cacheinit.config.xml完成
2014-03-08 10:22:44,250 -2423 [main] INFO  org.tinygroup.config.impl.ConfigurationManagerImpl  - 正在分发应用配置信息...
2014-03-08 10:22:44,251 -2424 [main] INFO  org.tinygroup.config.impl.ConfigurationManagerImpl  - 应用配置信息分发完毕
2014-03-08 10:22:44,252 -2425 [main] INFO  org.tinygroup.fileresolver.impl.FileResolverImpl  - 全路径扫描完成。
2014-03-08 10:22:44,252 -2425 [main] INFO  org.tinygroup.application.impl.ApplicationDefault  - 启动应用开始...
2014-03-08 10:22:44,252 -2425 [main] INFO  org.tinygroup.application.impl.ApplicationDefault  - 应用处理器class org.tinygroup.fileresolver.applicationprocessor.FileResolverProcessor正在启动...
2014-03-08 10:22:44,252 -2425 [main] INFO  org.tinygroup.fileresolver.impl.FileResolverImpl  - 正在进行全路径扫描....
2014-03-08 10:22:44,253 -2426 [main] INFO  org.tinygroup.fileresolver.impl.FileResolverImpl  - 文件<D:\git\tiny\db\org.tinygroup.tinydb\target\test-classes>由于匹配了包含正则表达式<[\/]test-classes\b>而被扫描。
2014-03-08 10:22:44,253 -2426 [main] INFO  org.tinygroup.fileresolver.impl.FileResolverImpl  - 文件<D:\git\tiny\db\org.tinygroup.tinydb\target\classes>由于匹配了包含正则表达式<[\/]classes\b>而被扫描。
2014-03-08 10:22:44,254 -2427 [main] INFO  org.tinygroup.fileresolver.impl.FileResolverImpl  - 文件<D:\git\tiny\framework\org.tinygroup.springutil\target\classes>由于匹配了包含正则表达式<[\/]classes\b>而被扫描。
2014-03-08 10:22:44,254 -2427 [main] INFO  org.tinygroup.fileresolver.impl.FileResolverImpl  - 文件<D:\git\tiny\framework\org.tinygroup.logger\target\classes>由于匹配了包含正则表达式<[\/]classes\b>而被扫描。
2014-03-08 10:22:44,254 -2427 [main] INFO  org.tinygroup.fileresolver.impl.FileResolverImpl  - 文件<D:\git\tiny\framework\org.tinygroup.vfs\target\classes>由于匹配了包含正则表达式<[\/]classes\b>而被扫描。
2014-03-08 10:22:44,256 -2429 [main] INFO  org.tinygroup.fileresolver.impl.FileResolverImpl  - 文件<D:\git\tiny\framework\org.tinygroup.exception\target\classes>由于匹配了包含正则表达式<[\/]classes\b>而被扫描。
2014-03-08 10:22:44,258 -2431 [main] INFO  org.tinygroup.fileresolver.impl.FileResolverImpl  - 文件<D:\git\tiny\framework\org.tinygroup.testutil\target\classes>由于匹配了包含正则表达式<[\/]classes\b>而被扫描。
2014-03-08 10:22:44,258 -2431 [main] INFO  org.tinygroup.fileresolver.impl.FileResolverImpl  - 文件<D:\git\tiny\framework\org.tinygroup.application\target\classes>由于匹配了包含正则表达式<[\/]classes\b>而被扫描。
2014-03-08 10:22:44,259 -2432 [main] INFO  org.tinygroup.fileresolver.impl.FileResolverImpl  - 文件<D:\git\tiny\framework\org.tinygroup.commons\target\classes>由于匹配了包含正则表达式<[\/]classes\b>而被扫描。
2014-03-08 10:22:44,259 -2432 [main] INFO  org.tinygroup.fileresolver.impl.FileResolverImpl  - 文件<D:\git\tiny\framework\org.tinygroup.xstream\target\classes>由于匹配了包含正则表达式<[\/]classes\b>而被扫描。
2014-03-08 10:22:44,261 -2434 [main] INFO  org.tinygroup.fileresolver.impl.FileResolverImpl  - 文件<D:\git\tiny\framework\org.tinygroup.fileresolver\target\classes>由于匹配了包含正则表达式<[\/]classes\b>而被扫描。
2014-03-08 10:22:44,262 -2435 [main] INFO  org.tinygroup.fileresolver.impl.FileResolverImpl  - 文件<D:\git\tiny\framework\org.tinygroup.config\target\classes>由于匹配了包含正则表达式<[\/]classes\b>而被扫描。
2014-03-08 10:22:44,262 -2435 [main] INFO  org.tinygroup.fileresolver.impl.FileResolverImpl  - 文件<D:\git\tiny\framework\org.tinygroup.xmlparser\target\classes>由于匹配了包含正则表达式<[\/]classes\b>而被扫描。
2014-03-08 10:22:44,263 -2436 [main] INFO  org.tinygroup.fileresolver.impl.FileResolverImpl  - 文件<D:\git\tiny\framework\org.tinygroup.parser\target\classes>由于匹配了包含正则表达式<[\/]classes\b>而被扫描。
2014-03-08 10:22:44,263 -2436 [main] INFO  org.tinygroup.fileresolver.impl.FileResolverImpl  - 文件<D:\git\tiny\framework\org.tinygroup.binarytree\target\classes>由于匹配了包含正则表达式<[\/]classes\b>而被扫描。
2014-03-08 10:22:44,264 -2437 [main] INFO  org.tinygroup.fileresolver.impl.FileResolverImpl  - 文件<D:\git\tiny\framework\org.tinygroup.i18n\target\classes>由于匹配了包含正则表达式<[\/]classes\b>而被扫描。
2014-03-08 10:22:44,264 -2437 [main] INFO  org.tinygroup.fileresolver.impl.FileResolverImpl  - 文件<D:\git\tiny\framework\org.tinygroup.formater\target\classes>由于匹配了包含正则表达式<[\/]classes\b>而被扫描。
2014-03-08 10:22:44,265 -2438 [main] INFO  org.tinygroup.fileresolver.impl.FileResolverImpl  - 文件<D:\git\tiny\framework\org.tinygroup.order\target\classes>由于匹配了包含正则表达式<[\/]classes\b>而被扫描。
2014-03-08 10:22:44,265 -2438 [main] INFO  org.tinygroup.fileresolver.impl.FileResolverImpl  - 文件<D:\git\tiny\framework\org.tinygroup.threadgroup\target\classes>由于匹配了包含正则表达式<[\/]classes\b>而被扫描。
2014-03-08 10:22:44,266 -2439 [main] INFO  org.tinygroup.fileresolver.impl.FileResolverImpl  - 文件<D:\git\tiny\framework\org.tinygroup.context\target\classes>由于匹配了包含正则表达式<[\/]classes\b>而被扫描。
2014-03-08 10:22:44,266 -2439 [main] INFO  org.tinygroup.fileresolver.impl.FileResolverImpl  - 文件<D:\git\tiny\db\org.tinygroup.database\target\classes>由于匹配了包含正则表达式<[\/]classes\b>而被扫描。
2014-03-08 10:22:44,266 -2439 [main] INFO  org.tinygroup.fileresolver.impl.FileResolverImpl  - 文件<D:\git\tiny\db\org.tinygroup.metadata\target\classes>由于匹配了包含正则表达式<[\/]classes\b>而被扫描。
2014-03-08 10:22:44,267 -2440 [main] INFO  org.tinygroup.fileresolver.impl.FileResolverImpl  - 文件<D:\git\tiny\framework\org.tinygroup.cache\target\classes>由于匹配了包含正则表达式<[\/]classes\b>而被扫描。
2014-03-08 10:22:44,268 -2441 [main] INFO  org.tinygroup.fileresolver.impl.FileResolverImpl  - 查找WEB-INF/classes路径开始...
2014-03-08 10:22:44,268 -2441 [main] INFO  org.tinygroup.fileresolver.impl.FileResolverImpl  - WEB-INF/classes路径是:file:/D:/git/tiny/db/org.tinygroup.tinydb/target/test-classes/
2014-03-08 10:22:44,268 -2441 [main] INFO  org.tinygroup.fileresolver.impl.FileResolverImpl  - WEB-INF/lib路径是:file:/D:/git/tiny/db/org.tinygroup.tinydb/target/test-classes/
2014-03-08 10:22:44,268 -2441 [main] INFO  org.tinygroup.fileresolver.impl.FileResolverImpl  - 查找WEB-INF/classes路径完成。
2014-03-08 10:22:44,268 -2441 [main] WARN  org.tinygroup.fileresolver.impl.FileResolverImpl  - WEBROOT变量找不到
2014-03-08 10:22:44,269 -2442 [main] INFO  org.tinygroup.fileresolver.impl.FileResolverImpl  - 查找Web工程中的jar文件列表开始...
2014-03-08 10:22:44,269 -2442 [main] INFO  org.tinygroup.fileresolver.impl.FileResolverImpl  - 文件<file:D:/git/tiny/db/org.tinygroup.tinydb/target/surefire/surefirebooter3496058125868368825.jar>由于匹配了包含正则表达式<org\.tinygroup\.(.)*\.jar>而被扫描。
2014-03-08 10:22:44,269 -2442 [main] INFO  org.tinygroup.fileresolver.impl.FileResolverImpl  - 扫描到jar文件<jar:file:/D:/git/tiny/db/org.tinygroup.tinydb/target/surefire/surefirebooter3496058125868368825.jar>。
2014-03-08 10:22:44,277 -2450 [main] INFO  org.tinygroup.fileresolver.impl.FileResolverImpl  - 查找Web工程中的jar文件列表完成。
2014-03-08 10:22:44,279 -2452 [main] INFO  org.tinygroup.threadgroup.MultiThreadProcessor  - 线程组<file-resolver-threads>运行开始,线程数1...
2014-03-08 10:22:44,280 -2453 [file-resolver-threads-file-processor-thread-0] INFO  org.tinygroup.threadgroup.AbstractProcessor  - 线程<file-resolver-threads-file-processor-thread-0>运行开始...
2014-03-08 10:22:44,280 -2453 [file-resolver-threads-file-processor-thread-0] INFO  org.tinygroup.fileresolver.impl.FileResolverImpl  - 正在扫描路径[D:\git\tiny\framework\org.tinygroup.order\target\classes]...
2014-03-08 10:22:44,282 -2455 [file-resolver-threads-file-processor-thread-0] INFO  org.tinygroup.fileresolver.impl.FileResolverImpl  - 路径[D:\git\tiny\framework\org.tinygroup.order\target\classes]扫描完成。
2014-03-08 10:22:44,282 -2455 [file-resolver-threads-file-processor-thread-0] INFO  org.tinygroup.fileresolver.impl.FileResolverImpl  - 正在扫描路径[D:\git\tiny\framework\org.tinygroup.parser\target\classes]...
2014-03-08 10:22:44,285 -2458 [file-resolver-threads-file-processor-thread-0] INFO  org.tinygroup.fileresolver.impl.FileResolverImpl  - 路径[D:\git\tiny\framework\org.tinygroup.parser\target\classes]扫描完成。
2014-03-08 10:22:44,285 -2458 [file-resolver-threads-file-processor-thread-0] INFO  org.tinygroup.fileresolver.impl.FileResolverImpl  - 正在扫描路径[D:\git\tiny\framework\org.tinygroup.springutil\target\classes]...
2014-03-08 10:22:44,286 -2459 [file-resolver-threads-file-processor-thread-0] INFO  org.tinygroup.fileresolver.impl.FileResolverImpl  - 路径[D:\git\tiny\framework\org.tinygroup.springutil\target\classes]扫描完成。
2014-03-08 10:22:44,286 -2459 [file-resolver-threads-file-processor-thread-0] INFO  org.tinygroup.fileresolver.impl.FileResolverImpl  - 正在扫描路径[D:\git\tiny\framework\org.tinygroup.binarytree\target\classes]...
2014-03-08 10:22:44,288 -2461 [file-resolver-threads-file-processor-thread-0] INFO  org.tinygroup.fileresolver.impl.FileResolverImpl  - 路径[D:\git\tiny\framework\org.tinygroup.binarytree\target\classes]扫描完成。
2014-03-08 10:22:44,288 -2461 [file-resolver-threads-file-processor-thread-0] INFO  org.tinygroup.fileresolver.impl.FileResolverImpl  - 正在扫描路径[D:\git\tiny\framework\org.tinygroup.logger\target\classes]...
2014-03-08 10:22:44,289 -2462 [file-resolver-threads-file-processor-thread-0] INFO  org.tinygroup.fileresolver.impl.FileResolverImpl  - 路径[D:\git\tiny\framework\org.tinygroup.logger\target\classes]扫描完成。
2014-03-08 10:22:44,289 -2462 [file-resolver-threads-file-processor-thread-0] INFO  org.tinygroup.fileresolver.impl.FileResolverImpl  - 正在扫描路径[D:\git\tiny\framework\org.tinygroup.commons\target\classes]...
2014-03-08 10:22:44,299 -2472 [file-resolver-threads-file-processor-thread-0] INFO  org.tinygroup.fileresolver.impl.FileResolverImpl  - 路径[D:\git\tiny\framework\org.tinygroup.commons\target\classes]扫描完成。
2014-03-08 10:22:44,299 -2472 [file-resolver-threads-file-processor-thread-0] INFO  org.tinygroup.fileresolver.impl.FileResolverImpl  - 正在扫描路径[D:\git\tiny\framework\org.tinygroup.threadgroup\target\classes]...
2014-03-08 10:22:44,300 -2473 [file-resolver-threads-file-processor-thread-0] INFO  org.tinygroup.fileresolver.impl.FileResolverImpl  - 路径[D:\git\tiny\framework\org.tinygroup.threadgroup\target\classes]扫描完成。
2014-03-08 10:22:44,301 -2474 [file-resolver-threads-file-processor-thread-0] INFO  org.tinygroup.fileresolver.impl.FileResolverImpl  - 正在扫描路径[D:\git\tiny\framework\org.tinygroup.xmlparser\target\classes]...
2014-03-08 10:22:44,302 -2475 [file-resolver-threads-file-processor-thread-0] INFO  org.tinygroup.fileresolver.impl.FileResolverImpl  - 路径[D:\git\tiny\framework\org.tinygroup.xmlparser\target\classes]扫描完成。
2014-03-08 10:22:44,302 -2475 [file-resolver-threads-file-processor-thread-0] INFO  org.tinygroup.fileresolver.impl.FileResolverImpl  - 正在扫描路径[D:\git\tiny\framework\org.tinygroup.xstream\target\classes]...
2014-03-08 10:22:44,304 -2477 [file-resolver-threads-file-processor-thread-0] INFO  org.tinygroup.fileresolver.impl.FileResolverImpl  - 路径[D:\git\tiny\framework\org.tinygroup.xstream\target\classes]扫描完成。
2014-03-08 10:22:44,304 -2477 [file-resolver-threads-file-processor-thread-0] INFO  org.tinygroup.fileresolver.impl.FileResolverImpl  - 正在扫描路径[D:\git\tiny\db\org.tinygroup.tinydb\target\test-classes]...
2014-03-08 10:22:44,307 -2480 [file-resolver-threads-file-processor-thread-0] INFO  org.tinygroup.fileresolver.impl.FileResolverImpl  - 路径[D:\git\tiny\db\org.tinygroup.tinydb\target\test-classes]扫描完成。
2014-03-08 10:22:44,308 -2481 [file-resolver-threads-file-processor-thread-0] INFO  org.tinygroup.fileresolver.impl.FileResolverImpl  - 正在扫描路径[D:\git\tiny\framework\org.tinygroup.formater\target\classes]...
2014-03-08 10:22:44,309 -2482 [file-resolver-threads-file-processor-thread-0] INFO  org.tinygroup.fileresolver.impl.FileResolverImpl  - 路径[D:\git\tiny\framework\org.tinygroup.formater\target\classes]扫描完成。
2014-03-08 10:22:44,309 -2482 [file-resolver-threads-file-processor-thread-0] INFO  org.tinygroup.fileresolver.impl.FileResolverImpl  - 正在扫描路径[D:\git\tiny\framework\org.tinygroup.fileresolver\target\classes]...
2014-03-08 10:22:44,311 -2484 [file-resolver-threads-file-processor-thread-0] INFO  org.tinygroup.fileresolver.impl.FileResolverImpl  - 路径[D:\git\tiny\framework\org.tinygroup.fileresolver\target\classes]扫描完成。
2014-03-08 10:22:44,312 -2485 [file-resolver-threads-file-processor-thread-0] INFO  org.tinygroup.fileresolver.impl.FileResolverImpl  - 正在扫描路径[D:\git\tiny\framework\org.tinygroup.application\target\classes]...
2014-03-08 10:22:44,313 -2486 [file-resolver-threads-file-processor-thread-0] INFO  org.tinygroup.fileresolver.impl.FileResolverImpl  - 路径[D:\git\tiny\framework\org.tinygroup.application\target\classes]扫描完成。
2014-03-08 10:22:44,313 -2486 [file-resolver-threads-file-processor-thread-0] INFO  org.tinygroup.fileresolver.impl.FileResolverImpl  - 正在扫描路径[D:\git\tiny\framework\org.tinygroup.config\target\classes]...
2014-03-08 10:22:44,315 -2488 [file-resolver-threads-file-processor-thread-0] INFO  org.tinygroup.fileresolver.impl.FileResolverImpl  - 路径[D:\git\tiny\framework\org.tinygroup.config\target\classes]扫描完成。
2014-03-08 10:22:44,315 -2488 [file-resolver-threads-file-processor-thread-0] INFO  org.tinygroup.fileresolver.impl.FileResolverImpl  - 正在扫描路径[D:\git\tiny\framework\org.tinygroup.cache\target\classes]...
2014-03-08 10:22:44,316 -2489 [file-resolver-threads-file-processor-thread-0] INFO  org.tinygroup.fileresolver.impl.FileResolverImpl  - 路径[D:\git\tiny\framework\org.tinygroup.cache\target\classes]扫描完成。
2014-03-08 10:22:44,317 -2490 [file-resolver-threads-file-processor-thread-0] INFO  org.tinygroup.fileresolver.impl.FileResolverImpl  - 正在扫描路径[D:\git\tiny\framework\org.tinygroup.i18n\target\classes]...
2014-03-08 10:22:44,318 -2491 [file-resolver-threads-file-processor-thread-0] INFO  org.tinygroup.fileresolver.impl.FileResolverImpl  - 路径[D:\git\tiny\framework\org.tinygroup.i18n\target\classes]扫描完成。
2014-03-08 10:22:44,319 -2492 [file-resolver-threads-file-processor-thread-0] INFO  org.tinygroup.fileresolver.impl.FileResolverImpl  - 正在扫描路径[D:\git\tiny\framework\org.tinygroup.exception\target\classes]...
2014-03-08 10:22:44,319 -2492 [file-resolver-threads-file-processor-thread-0] INFO  org.tinygroup.fileresolver.impl.FileResolverImpl  - 路径[D:\git\tiny\framework\org.tinygroup.exception\target\classes]扫描完成。
2014-03-08 10:22:44,320 -2493 [file-resolver-threads-file-processor-thread-0] INFO  org.tinygroup.fileresolver.impl.FileResolverImpl  - 正在扫描路径[D:\git\tiny\framework\org.tinygroup.vfs\target\classes]...
2014-03-08 10:22:44,323 -2496 [file-resolver-threads-file-processor-thread-0] INFO  org.tinygroup.fileresolver.impl.FileResolverImpl  - 路径[D:\git\tiny\framework\org.tinygroup.vfs\target\classes]扫描完成。
2014-03-08 10:22:44,323 -2496 [file-resolver-threads-file-processor-thread-0] INFO  org.tinygroup.fileresolver.impl.FileResolverImpl  - 正在扫描路径[D:\git\tiny\db\org.tinygroup.database\target\classes]...
2014-03-08 10:22:44,331 -2504 [file-resolver-threads-file-processor-thread-0] INFO  org.tinygroup.fileresolver.impl.FileResolverImpl  - 路径[D:\git\tiny\db\org.tinygroup.database\target\classes]扫描完成。
2014-03-08 10:22:44,331 -2504 [file-resolver-threads-file-processor-thread-0] INFO  org.tinygroup.fileresolver.impl.FileResolverImpl  - 正在扫描路径[D:\git\tiny\db\org.tinygroup.metadata\target\classes]...
2014-03-08 10:22:44,335 -2508 [file-resolver-threads-file-processor-thread-0] INFO  org.tinygroup.fileresolver.impl.FileResolverImpl  - 路径[D:\git\tiny\db\org.tinygroup.metadata\target\classes]扫描完成。
2014-03-08 10:22:44,336 -2509 [file-resolver-threads-file-processor-thread-0] INFO  org.tinygroup.fileresolver.impl.FileResolverImpl  - 正在扫描路径[D:\git\tiny\framework\org.tinygroup.context\target\classes]...
2014-03-08 10:22:44,337 -2510 [file-resolver-threads-file-processor-thread-0] INFO  org.tinygroup.fileresolver.impl.FileResolverImpl  - 路径[D:\git\tiny\framework\org.tinygroup.context\target\classes]扫描完成。
2014-03-08 10:22:44,337 -2510 [file-resolver-threads-file-processor-thread-0] INFO  org.tinygroup.fileresolver.impl.FileResolverImpl  - 正在扫描路径[D:\git\tiny\db\org.tinygroup.tinydb\target\classes]...
2014-03-08 10:22:44,343 -2516 [file-resolver-threads-file-processor-thread-0] INFO  org.tinygroup.fileresolver.impl.FileResolverImpl  - 路径[D:\git\tiny\db\org.tinygroup.tinydb\target\classes]扫描完成。
2014-03-08 10:22:44,343 -2516 [file-resolver-threads-file-processor-thread-0] INFO  org.tinygroup.fileresolver.impl.FileResolverImpl  - 正在扫描路径[D:/git/tiny/db/org.tinygroup.tinydb/target/surefire/surefirebooter3496058125868368825.jar]...
2014-03-08 10:22:44,343 -2516 [file-resolver-threads-file-processor-thread-0] INFO  org.tinygroup.fileresolver.impl.FileResolverImpl  - 文件<file:D:/git/tiny/db/org.tinygroup.tinydb/target/surefire/surefirebooter3496058125868368825.jar>由于匹配了包含正则表达式<org\.tinygroup\.(.)*\.jar>而被扫描。
2014-03-08 10:22:44,344 -2517 [file-resolver-threads-file-processor-thread-0] INFO  org.tinygroup.fileresolver.impl.FileResolverImpl  - 路径[D:/git/tiny/db/org.tinygroup.tinydb/target/surefire/surefirebooter3496058125868368825.jar]扫描完成。
2014-03-08 10:22:44,344 -2517 [file-resolver-threads-file-processor-thread-0] INFO  org.tinygroup.fileresolver.impl.FileResolverImpl  - 正在扫描路径[D:\git\tiny\framework\org.tinygroup.testutil\target\classes]...
2014-03-08 10:22:44,345 -2518 [file-resolver-threads-file-processor-thread-0] INFO  org.tinygroup.fileresolver.impl.FileResolverImpl  - 路径[D:\git\tiny\framework\org.tinygroup.testutil\target\classes]扫描完成。
2014-03-08 10:22:44,346 -2519 [file-resolver-threads-file-processor-thread-0] INFO  org.tinygroup.threadgroup.AbstractProcessor  - 线程<file-resolver-threads-file-processor-thread-0>运行结束
2014-03-08 10:22:44,346 -2519 [main] INFO  org.tinygroup.threadgroup.MultiThreadProcessor  - 线程组<file-resolver-threads>运行结束, 用时:66ms
2014-03-08 10:22:44,347 -2520 [main] INFO  org.tinygroup.fileresolver.impl.MultiThreadFileProcessor  - 线程组:<file-resolver-threads>执行时间：68
2014-03-08 10:22:44,347 -2520 [main] INFO  org.tinygroup.fileresolver.impl.AbstractFileProcessor  - 开始读取组件配置文件:filefind.config.xml
2014-03-08 10:22:44,348 -2521 [main] INFO  org.tinygroup.fileresolver.impl.AbstractFileProcessor  - 读取组件配置文件:filefind.config.xml完成
2014-03-08 10:22:44,348 -2521 [main] INFO  org.tinygroup.fileresolver.impl.AbstractFileProcessor  - 开始读取组件配置文件:filemonitor.config.xml
2014-03-08 10:22:44,349 -2522 [main] INFO  org.tinygroup.fileresolver.impl.AbstractFileProcessor  - 读取组件配置文件:filemonitor.config.xml完成
2014-03-08 10:22:44,349 -2522 [main] INFO  org.tinygroup.fileresolver.impl.AbstractFileProcessor  - 开始读取组件配置文件:fileresolver.config.xml
2014-03-08 10:22:44,350 -2523 [main] INFO  org.tinygroup.fileresolver.impl.AbstractFileProcessor  - 读取组件配置文件:fileresolver.config.xml完成
2014-03-08 10:22:44,350 -2523 [main] INFO  org.tinygroup.fileresolver.impl.AbstractFileProcessor  - 开始读取组件配置文件:cacheinit.config.xml
2014-03-08 10:22:44,351 -2524 [main] INFO  org.tinygroup.fileresolver.impl.AbstractFileProcessor  - 读取组件配置文件:cacheinit.config.xml完成
2014-03-08 10:22:44,352 -2525 [main] INFO  org.tinygroup.config.impl.ConfigurationManagerImpl  - 正在分发应用配置信息...
2014-03-08 10:22:44,353 -2526 [main] INFO  org.tinygroup.config.impl.ConfigurationManagerImpl  - 应用配置信息分发完毕
2014-03-08 10:22:44,353 -2526 [main] INFO  org.tinygroup.fileresolver.impl.AbstractFileProcessor  - 找到国际化资源配置文件[D:\git\tiny\framework\org.tinygroup.vfs\target\classes\i18n\vfs_en_US.properties]，并开始加载...
2014-03-08 10:22:44,354 -2527 [main] INFO  org.tinygroup.fileresolver.impl.AbstractFileProcessor  - 国际化资源配置文件[D:\git\tiny\framework\org.tinygroup.vfs\target\classes\i18n\vfs_en_US.properties]，加载完毕。
2014-03-08 10:22:44,354 -2527 [main] INFO  org.tinygroup.fileresolver.impl.AbstractFileProcessor  - 找到国际化资源配置文件[D:\git\tiny\db\org.tinygroup.tinydb\target\classes\i18n\tinydb_zh_CN.properties]，并开始加载...
2014-03-08 10:22:44,355 -2528 [main] INFO  org.tinygroup.fileresolver.impl.AbstractFileProcessor  - 国际化资源配置文件[D:\git\tiny\db\org.tinygroup.tinydb\target\classes\i18n\tinydb_zh_CN.properties]，加载完毕。
2014-03-08 10:22:44,356 -2529 [main] INFO  org.tinygroup.fileresolver.impl.AbstractFileProcessor  - 找到XStream配置文件[D:\git\tiny\db\org.tinygroup.database\target\classes\Database.xstream.xml]，并开始加载...
2014-03-08 10:22:44,405 -2578 [main] INFO  org.tinygroup.fileresolver.impl.AbstractFileProcessor  - XStream配置文件[D:\git\tiny\db\org.tinygroup.database\target\classes\Database.xstream.xml]，加载完毕。
2014-03-08 10:22:44,405 -2578 [main] INFO  org.tinygroup.fileresolver.impl.AbstractFileProcessor  - 找到XStream配置文件[D:\git\tiny\db\org.tinygroup.database\target\classes\InitData.xstream.xml]，并开始加载...
2014-03-08 10:22:44,417 -2590 [main] INFO  org.tinygroup.fileresolver.impl.AbstractFileProcessor  - XStream配置文件[D:\git\tiny\db\org.tinygroup.database\target\classes\InitData.xstream.xml]，加载完毕。
2014-03-08 10:22:44,417 -2590 [main] INFO  org.tinygroup.fileresolver.impl.AbstractFileProcessor  - 找到XStream配置文件[D:\git\tiny\db\org.tinygroup.database\target\classes\Processor.xstream.xml]，并开始加载...
2014-03-08 10:22:44,428 -2601 [main] INFO  org.tinygroup.fileresolver.impl.AbstractFileProcessor  - XStream配置文件[D:\git\tiny\db\org.tinygroup.database\target\classes\Processor.xstream.xml]，加载完毕。
2014-03-08 10:22:44,428 -2601 [main] INFO  org.tinygroup.fileresolver.impl.AbstractFileProcessor  - 找到XStream配置文件[D:\git\tiny\db\org.tinygroup.database\target\classes\View.xstream.xml]，并开始加载...
2014-03-08 10:22:44,444 -2617 [main] INFO  org.tinygroup.fileresolver.impl.AbstractFileProcessor  - XStream配置文件[D:\git\tiny\db\org.tinygroup.database\target\classes\View.xstream.xml]，加载完毕。
2014-03-08 10:22:44,445 -2618 [main] INFO  org.tinygroup.fileresolver.impl.AbstractFileProcessor  - 找到XStream配置文件[D:\git\tiny\db\org.tinygroup.metadata\target\classes\metadata.xstream.xml]，并开始加载...
2014-03-08 10:22:44,474 -2647 [main] INFO  org.tinygroup.fileresolver.impl.AbstractFileProcessor  - XStream配置文件[D:\git\tiny\db\org.tinygroup.metadata\target\classes\metadata.xstream.xml]，加载完毕。
2014-03-08 10:22:44,474 -2647 [main] INFO  org.tinygroup.fileresolver.impl.AbstractFileProcessor  - 找到XStream配置文件[D:\git\tiny\db\org.tinygroup.tinydb\target\classes\tinydb.xstream.xml]，并开始加载...
2014-03-08 10:22:44,482 -2655 [main] INFO  org.tinygroup.fileresolver.impl.AbstractFileProcessor  - XStream配置文件[D:\git\tiny\db\org.tinygroup.tinydb\target\classes\tinydb.xstream.xml]，加载完毕。
2014-03-08 10:22:44,482 -2655 [main] INFO  org.tinygroup.fileresolver.impl.AbstractFileProcessor  - 正在加载数据库关联配置文件[D:\git\tiny\db\org.tinygroup.tinydb\target\test-classes\test.relation.xml]
2014-03-08 10:22:44,487 -2660 [main] INFO  org.tinygroup.fileresolver.impl.AbstractFileProcessor  - 加载数据库关联配置文件[D:\git\tiny\db\org.tinygroup.tinydb\target\test-classes\test.relation.xml]结束
2014-03-08 10:22:44,494 -2667 [main] INFO  org.tinygroup.fileresolver.impl.AbstractFileProcessor  - 正在加载function文件[D:\git\tiny\db\org.tinygroup.database\target\classes\database.dialectfunction.xml]
2014-03-08 10:22:44,523 -2696 [main] INFO  org.tinygroup.fileresolver.impl.AbstractFileProcessor  - 加载function文件[D:\git\tiny\db\org.tinygroup.database\target\classes\database.dialectfunction.xml]结束
2014-03-08 10:22:44,523 -2696 [main] INFO  org.tinygroup.fileresolver.impl.FileResolverImpl  - 全路径扫描完成。
2014-03-08 10:22:44,523 -2696 [main] INFO  org.tinygroup.application.impl.ApplicationDefault  - 应用处理器class org.tinygroup.fileresolver.applicationprocessor.FileResolverProcessor启动完毕。
2014-03-08 10:22:46,626 -4799 [main] INFO  org.tinygroup.tinydb.impl.BeanManagerImpl  - 开始扫描schema中的所有表信息
2014-03-08 10:22:46,627 -4800 [main] INFO  org.tinygroup.tinydb.impl.BeanManagerImpl  - 开始扫描schema：opensource
2014-03-08 10:22:46,750 -4923 [main] INFO  org.tinygroup.tinydb.impl.BeanManagerImpl  - 扫描schema结束：opensource
2014-03-08 10:22:46,750 -4923 [main] INFO  org.tinygroup.tinydb.impl.BeanManagerImpl  - 扫描schema中的所有表信息结束
2014-03-08 10:22:46,751 -4924 [main] INFO  org.tinygroup.tinydb.impl.BeanManagerImpl  - 开始获取表格:animal信息
2014-03-08 10:22:46,798 -4971 [main] INFO  org.tinygroup.tinydb.impl.BeanManagerImpl  - 获取表格:animal信息完成
2014-03-08 10:22:46,798 -4971 [main] INFO  org.tinygroup.tinydb.impl.BeanManagerImpl  - 开始获取表格:a_branch信息
2014-03-08 10:22:46,811 -4984 [main] INFO  org.tinygroup.tinydb.impl.BeanManagerImpl  - 获取表格:a_branch信息完成
2014-03-08 10:22:46,811 -4984 [main] INFO  org.tinygroup.tinydb.impl.BeanManagerImpl  - 开始获取表格:a_people信息
2014-03-08 10:22:46,824 -4997 [main] INFO  org.tinygroup.tinydb.impl.BeanManagerImpl  - 获取表格:a_people信息完成
2014-03-08 10:22:46,824 -4997 [main] INFO  org.tinygroup.tinydb.impl.BeanManagerImpl  - 开始获取表格:incrementer信息
2014-03-08 10:22:46,836 -5009 [main] INFO  org.tinygroup.tinydb.impl.BeanManagerImpl  - 获取表格:incrementer信息完成
2014-03-08 10:22:46,836 -5009 [main] INFO  org.tinygroup.tinydb.impl.BeanManagerImpl  - 开始获取表格:more_to_one1信息
2014-03-08 10:22:46,851 -5024 [main] INFO  org.tinygroup.tinydb.impl.BeanManagerImpl  - 获取表格:more_to_one1信息完成
2014-03-08 10:22:46,852 -5025 [main] INFO  org.tinygroup.tinydb.impl.BeanManagerImpl  - 开始获取表格:more_to_one2信息
2014-03-08 10:22:46,873 -5046 [main] INFO  org.tinygroup.tinydb.impl.BeanManagerImpl  - 获取表格:more_to_one2信息完成
2014-03-08 10:22:46,873 -5046 [main] INFO  org.tinygroup.tinydb.impl.BeanManagerImpl  - 开始获取表格:more_to_one3信息
2014-03-08 10:22:46,890 -5063 [main] INFO  org.tinygroup.tinydb.impl.BeanManagerImpl  - 获取表格:more_to_one3信息完成
2014-03-08 10:22:46,890 -5063 [main] INFO  org.tinygroup.tinydb.impl.BeanManagerImpl  - 开始获取表格:more_to_one4信息
2014-03-08 10:22:46,907 -5080 [main] INFO  org.tinygroup.tinydb.impl.BeanManagerImpl  - 获取表格:more_to_one4信息完成
2014-03-08 10:22:46,907 -5080 [main] INFO  org.tinygroup.tinydb.impl.BeanManagerImpl  - 开始获取表格:one_to_more1信息
2014-03-08 10:22:46,922 -5095 [main] INFO  org.tinygroup.tinydb.impl.BeanManagerImpl  - 获取表格:one_to_more1信息完成
2014-03-08 10:22:46,923 -5096 [main] INFO  org.tinygroup.tinydb.impl.BeanManagerImpl  - 开始获取表格:one_to_more2信息
2014-03-08 10:22:46,938 -5111 [main] INFO  org.tinygroup.tinydb.impl.BeanManagerImpl  - 获取表格:one_to_more2信息完成
2014-03-08 10:22:46,938 -5111 [main] INFO  org.tinygroup.tinydb.impl.BeanManagerImpl  - 开始获取表格:one_to_more3信息
2014-03-08 10:22:46,951 -5124 [main] INFO  org.tinygroup.tinydb.impl.BeanManagerImpl  - 获取表格:one_to_more3信息完成
2014-03-08 10:22:46,951 -5124 [main] INFO  org.tinygroup.tinydb.impl.BeanManagerImpl  - 开始获取表格:t_function信息
2014-03-08 10:22:46,966 -5139 [main] INFO  org.tinygroup.tinydb.impl.BeanManagerImpl  - 获取表格:t_function信息完成
2014-03-08 10:22:46,966 -5139 [main] INFO  org.tinygroup.tinydb.impl.BeanManagerImpl  - 开始获取表格:t_user信息
2014-03-08 10:22:46,982 -5155 [main] INFO  org.tinygroup.tinydb.impl.BeanManagerImpl  - 获取表格:t_user信息完成
2014-03-08 10:22:46,982 -5155 [main] INFO  org.tinygroup.tinydb.impl.BeanManagerImpl  - 开始获取表格:t_user_t_function信息
2014-03-08 10:22:46,998 -5171 [main] INFO  org.tinygroup.tinydb.impl.BeanManagerImpl  - 获取表格:t_user_t_function信息完成
